DEBUG (28/03/2025 10:56:58 AM): Debug message (Line: 15 [main.py])
INFO (28/03/2025 10:56:58 AM): Info message (Line: 16 [main.py])
WARNING (28/03/2025 10:56:58 AM): Warning message (Line: 17 [main.py])
ERROR (28/03/2025 10:56:58 AM): Error message (Line: 18 [main.py])
CRITICAL (28/03/2025 10:56:58 AM): Critical message (Line: 19 [main.py])
DEBUG (28/03/2025 10:56:58 AM): Log message (Line: 20 [main.py])
DEBUG (28/03/2025 10:56:58 AM): Set Bot API URL: https://api.telegram.org/bot7648755083:AAFRY-EIxUMpUofcNjl9b-S_FP7y6izQJuc (Line: 326 [_bot.py])
DEBUG (28/03/2025 10:56:58 AM): Set Bot API File URL: https://api.telegram.org/file/bot7648755083:AAFRY-EIxUMpUofcNjl9b-S_FP7y6izQJuc (Line: 327 [_bot.py])
DEBUG (28/03/2025 10:56:58 AM): Using selector: KqueueSelector (Line: 64 [selector_events.py])
DEBUG (28/03/2025 10:56:58 AM): Network Retry Loop (Bootstrap Initialize Application): Starting (Line: 110 [networkloop.py])
DEBUG (28/03/2025 10:56:58 AM): Calling Bot API endpoint `getMe` with parameters `{}` (Line: 719 [_bot.py])
DEBUG (28/03/2025 10:56:58 AM): connect_tcp.started host='api.telegram.org' port=443 local_address=None timeout=5.0 socket_options=None (Line: 87 [_trace.py])
DEBUG (28/03/2025 10:56:58 AM): connect_tcp.complete return_value=<httpcore._backends.anyio.AnyIOStream object at 0x103ddd010> (Line: 87 [_trace.py])
DEBUG (28/03/2025 10:56:58 AM): start_tls.started ssl_context=<ssl.SSLContext object at 0x103d80ef0> server_hostname='api.telegram.org' timeout=5.0 (Line: 87 [_trace.py])
DEBUG (28/03/2025 10:56:58 AM): start_tls.complete return_value=<httpcore._backends.anyio.AnyIOStream object at 0x103db5810> (Line: 87 [_trace.py])
DEBUG (28/03/2025 10:56:58 AM): send_request_headers.started request=<Request [b'POST']> (Line: 87 [_trace.py])
DEBUG (28/03/2025 10:56:58 AM): send_request_headers.complete (Line: 87 [_trace.py])
DEBUG (28/03/2025 10:56:58 AM): send_request_body.started request=<Request [b'POST']> (Line: 87 [_trace.py])
DEBUG (28/03/2025 10:56:58 AM): send_request_body.complete (Line: 87 [_trace.py])
DEBUG (28/03/2025 10:56:58 AM): receive_response_headers.started request=<Request [b'POST']> (Line: 87 [_trace.py])
DEBUG (28/03/2025 10:56:59 AM): receive_response_headers.complete return_value=(b'HTTP/1.1', 200, b'OK', [(b'Server', b'nginx/1.18.0'), (b'Date', b'Fri, 28 Mar 2025 05:26:59 GMT'), (b'Content-Type', b'application/json'), (b'Content-Length', b'264'), (b'Connection', b'keep-alive'), (b'Strict-Transport-Security', b'max-age=31536000; includeSubDomains; preload'), (b'Access-Control-Allow-Origin', b'*'), (b'Access-Control-Allow-Methods', b'GET, POST, OPTIONS'), (b'Access-Control-Expose-Headers', b'Content-Length,Content-Type,Date,Server,Connection')]) (Line: 87 [_trace.py])
INFO (28/03/2025 10:56:59 AM): HTTP Request: POST https://api.telegram.org/bot7648755083:AAFRY-EIxUMpUofcNjl9b-S_FP7y6izQJuc/getMe "HTTP/1.1 200 OK" (Line: 1740 [_client.py])
DEBUG (28/03/2025 10:56:59 AM): receive_response_body.started request=<Request [b'POST']> (Line: 87 [_trace.py])
DEBUG (28/03/2025 10:56:59 AM): receive_response_body.complete (Line: 87 [_trace.py])
DEBUG (28/03/2025 10:56:59 AM): response_closed.started (Line: 87 [_trace.py])
DEBUG (28/03/2025 10:56:59 AM): response_closed.complete (Line: 87 [_trace.py])
DEBUG (28/03/2025 10:56:59 AM): Call to Bot API endpoint `getMe` finished with return value `{'id': 7648755083, 'is_bot': True, 'first_name': 'Trading Bot', 'username': 'trading_pythonrandn_bot', 'can_join_groups': True, 'can_read_all_group_messages': False, 'supports_inline_queries': False, 'can_connect_to_business': False, 'has_main_web_app': False}` (Line: 728 [_bot.py])
DEBUG (28/03/2025 10:56:59 AM): This Bot is already initialized. (Line: 828 [_bot.py])
DEBUG (28/03/2025 10:56:59 AM): Updater started (polling) (Line: 319 [_updater.py])
DEBUG (28/03/2025 10:56:59 AM): Network Retry Loop (Bootstrap delete Webhook): Starting (Line: 110 [networkloop.py])
DEBUG (28/03/2025 10:56:59 AM): Deleting webhook (Line: 677 [_updater.py])
DEBUG (28/03/2025 10:56:59 AM): Calling Bot API endpoint `deleteWebhook` with parameters `{}` (Line: 719 [_bot.py])
DEBUG (28/03/2025 10:56:59 AM): send_request_headers.started request=<Request [b'POST']> (Line: 87 [_trace.py])
DEBUG (28/03/2025 10:56:59 AM): send_request_headers.complete (Line: 87 [_trace.py])
DEBUG (28/03/2025 10:56:59 AM): send_request_body.started request=<Request [b'POST']> (Line: 87 [_trace.py])
DEBUG (28/03/2025 10:56:59 AM): send_request_body.complete (Line: 87 [_trace.py])
DEBUG (28/03/2025 10:56:59 AM): receive_response_headers.started request=<Request [b'POST']> (Line: 87 [_trace.py])
DEBUG (28/03/2025 10:56:59 AM): receive_response_headers.complete return_value=(b'HTTP/1.1', 200, b'OK', [(b'Server', b'nginx/1.18.0'), (b'Date', b'Fri, 28 Mar 2025 05:26:59 GMT'), (b'Content-Type', b'application/json'), (b'Content-Length', b'68'), (b'Connection', b'keep-alive'), (b'Strict-Transport-Security', b'max-age=31536000; includeSubDomains; preload'), (b'Access-Control-Allow-Origin', b'*'), (b'Access-Control-Allow-Methods', b'GET, POST, OPTIONS'), (b'Access-Control-Expose-Headers', b'Content-Length,Content-Type,Date,Server,Connection')]) (Line: 87 [_trace.py])
INFO (28/03/2025 10:56:59 AM): HTTP Request: POST https://api.telegram.org/bot7648755083:AAFRY-EIxUMpUofcNjl9b-S_FP7y6izQJuc/deleteWebhook "HTTP/1.1 200 OK" (Line: 1740 [_client.py])
DEBUG (28/03/2025 10:56:59 AM): receive_response_body.started request=<Request [b'POST']> (Line: 87 [_trace.py])
DEBUG (28/03/2025 10:56:59 AM): receive_response_body.complete (Line: 87 [_trace.py])
DEBUG (28/03/2025 10:56:59 AM): response_closed.started (Line: 87 [_trace.py])
DEBUG (28/03/2025 10:56:59 AM): response_closed.complete (Line: 87 [_trace.py])
DEBUG (28/03/2025 10:56:59 AM): Call to Bot API endpoint `deleteWebhook` finished with return value `True` (Line: 728 [_bot.py])
DEBUG (28/03/2025 10:56:59 AM): Bootstrap done (Line: 331 [_updater.py])
DEBUG (28/03/2025 10:56:59 AM): Waiting for polling to start (Line: 301 [_updater.py])
DEBUG (28/03/2025 10:56:59 AM): Polling updates from Telegram started (Line: 303 [_updater.py])
DEBUG (28/03/2025 10:56:59 AM): Network Retry Loop (Polling Updates): Starting (Line: 110 [networkloop.py])
DEBUG (28/03/2025 10:56:59 AM): Calling Bot API endpoint `getUpdates` with parameters `{'timeout': 10, 'offset': 0}` (Line: 719 [_bot.py])
INFO (28/03/2025 10:56:59 AM): Application started (Line: 630 [_application.py])
DEBUG (28/03/2025 10:56:59 AM): connect_tcp.started host='api.telegram.org' port=443 local_address=None timeout=5.0 socket_options=None (Line: 87 [_trace.py])
DEBUG (28/03/2025 10:56:59 AM): connect_tcp.complete return_value=<httpcore._backends.anyio.AnyIOStream object at 0x103db7b10> (Line: 87 [_trace.py])
DEBUG (28/03/2025 10:56:59 AM): start_tls.started ssl_context=<ssl.SSLContext object at 0x103d80dd0> server_hostname='api.telegram.org' timeout=5.0 (Line: 87 [_trace.py])
DEBUG (28/03/2025 10:56:59 AM): start_tls.complete return_value=<httpcore._backends.anyio.AnyIOStream object at 0x103d45f30> (Line: 87 [_trace.py])
DEBUG (28/03/2025 10:56:59 AM): send_request_headers.started request=<Request [b'POST']> (Line: 87 [_trace.py])
DEBUG (28/03/2025 10:56:59 AM): send_request_headers.complete (Line: 87 [_trace.py])
DEBUG (28/03/2025 10:56:59 AM): send_request_body.started request=<Request [b'POST']> (Line: 87 [_trace.py])
DEBUG (28/03/2025 10:56:59 AM): send_request_body.complete (Line: 87 [_trace.py])
DEBUG (28/03/2025 10:56:59 AM): receive_response_headers.started request=<Request [b'POST']> (Line: 87 [_trace.py])
DEBUG (28/03/2025 10:57:09 AM): receive_response_headers.complete return_value=(b'HTTP/1.1', 200, b'OK', [(b'Server', b'nginx/1.18.0'), (b'Date', b'Fri, 28 Mar 2025 05:27:09 GMT'), (b'Content-Type', b'application/json'), (b'Content-Length', b'23'), (b'Connection', b'keep-alive'), (b'Strict-Transport-Security', b'max-age=31536000; includeSubDomains; preload'), (b'Access-Control-Allow-Origin', b'*'), (b'Access-Control-Allow-Methods', b'GET, POST, OPTIONS'), (b'Access-Control-Expose-Headers', b'Content-Length,Content-Type,Date,Server,Connection')]) (Line: 87 [_trace.py])
INFO (28/03/2025 10:57:09 AM): HTTP Request: POST https://api.telegram.org/bot7648755083:AAFRY-EIxUMpUofcNjl9b-S_FP7y6izQJuc/getUpdates "HTTP/1.1 200 OK" (Line: 1740 [_client.py])
DEBUG (28/03/2025 10:57:09 AM): receive_response_body.started request=<Request [b'POST']> (Line: 87 [_trace.py])
DEBUG (28/03/2025 10:57:09 AM): receive_response_body.complete (Line: 87 [_trace.py])
DEBUG (28/03/2025 10:57:09 AM): response_closed.started (Line: 87 [_trace.py])
DEBUG (28/03/2025 10:57:09 AM): response_closed.complete (Line: 87 [_trace.py])
DEBUG (28/03/2025 10:57:09 AM): Call to Bot API endpoint `getUpdates` finished with return value `[]` (Line: 728 [_bot.py])
DEBUG (28/03/2025 10:57:09 AM): No new updates found. (Line: 4607 [_bot.py])
DEBUG (28/03/2025 10:57:14 AM): Calling Bot API endpoint `getUpdates` with parameters `{'timeout': 10, 'offset': 0}` (Line: 719 [_bot.py])
DEBUG (28/03/2025 10:57:14 AM): close.started (Line: 87 [_trace.py])
DEBUG (28/03/2025 10:57:14 AM): close.complete (Line: 87 [_trace.py])
DEBUG (28/03/2025 10:57:14 AM): connect_tcp.started host='api.telegram.org' port=443 local_address=None timeout=5.0 socket_options=None (Line: 87 [_trace.py])
DEBUG (28/03/2025 10:57:14 AM): connect_tcp.complete return_value=<httpcore._backends.anyio.AnyIOStream object at 0x103d47ce0> (Line: 87 [_trace.py])
DEBUG (28/03/2025 10:57:14 AM): start_tls.started ssl_context=<ssl.SSLContext object at 0x103d80dd0> server_hostname='api.telegram.org' timeout=5.0 (Line: 87 [_trace.py])
DEBUG (28/03/2025 10:57:14 AM): start_tls.complete return_value=<httpcore._backends.anyio.AnyIOStream object at 0x103d996d0> (Line: 87 [_trace.py])
DEBUG (28/03/2025 10:57:14 AM): send_request_headers.started request=<Request [b'POST']> (Line: 87 [_trace.py])
DEBUG (28/03/2025 10:57:14 AM): send_request_headers.complete (Line: 87 [_trace.py])
DEBUG (28/03/2025 10:57:14 AM): send_request_body.started request=<Request [b'POST']> (Line: 87 [_trace.py])
DEBUG (28/03/2025 10:57:14 AM): send_request_body.complete (Line: 87 [_trace.py])
DEBUG (28/03/2025 10:57:14 AM): receive_response_headers.started request=<Request [b'POST']> (Line: 87 [_trace.py])
DEBUG (28/03/2025 10:57:25 AM): receive_response_headers.complete return_value=(b'HTTP/1.1', 200, b'OK', [(b'Server', b'nginx/1.18.0'), (b'Date', b'Fri, 28 Mar 2025 05:27:25 GMT'), (b'Content-Type', b'application/json'), (b'Content-Length', b'23'), (b'Connection', b'keep-alive'), (b'Strict-Transport-Security', b'max-age=31536000; includeSubDomains; preload'), (b'Access-Control-Allow-Origin', b'*'), (b'Access-Control-Allow-Methods', b'GET, POST, OPTIONS'), (b'Access-Control-Expose-Headers', b'Content-Length,Content-Type,Date,Server,Connection')]) (Line: 87 [_trace.py])
INFO (28/03/2025 10:57:25 AM): HTTP Request: POST https://api.telegram.org/bot7648755083:AAFRY-EIxUMpUofcNjl9b-S_FP7y6izQJuc/getUpdates "HTTP/1.1 200 OK" (Line: 1740 [_client.py])
DEBUG (28/03/2025 10:57:25 AM): receive_response_body.started request=<Request [b'POST']> (Line: 87 [_trace.py])
DEBUG (28/03/2025 10:57:25 AM): receive_response_body.complete (Line: 87 [_trace.py])
DEBUG (28/03/2025 10:57:25 AM): response_closed.started (Line: 87 [_trace.py])
DEBUG (28/03/2025 10:57:25 AM): response_closed.complete (Line: 87 [_trace.py])
DEBUG (28/03/2025 10:57:25 AM): Call to Bot API endpoint `getUpdates` finished with return value `[]` (Line: 728 [_bot.py])
DEBUG (28/03/2025 10:57:25 AM): No new updates found. (Line: 4607 [_bot.py])
DEBUG (28/03/2025 10:57:30 AM): Calling Bot API endpoint `getUpdates` with parameters `{'timeout': 10, 'offset': 0}` (Line: 719 [_bot.py])
DEBUG (28/03/2025 10:57:30 AM): close.started (Line: 87 [_trace.py])
DEBUG (28/03/2025 10:57:30 AM): close.complete (Line: 87 [_trace.py])
DEBUG (28/03/2025 10:57:30 AM): connect_tcp.started host='api.telegram.org' port=443 local_address=None timeout=5.0 socket_options=None (Line: 87 [_trace.py])
DEBUG (28/03/2025 10:57:30 AM): connect_tcp.complete return_value=<httpcore._backends.anyio.AnyIOStream object at 0x103d27350> (Line: 87 [_trace.py])
DEBUG (28/03/2025 10:57:30 AM): start_tls.started ssl_context=<ssl.SSLContext object at 0x103d80dd0> server_hostname='api.telegram.org' timeout=5.0 (Line: 87 [_trace.py])
DEBUG (28/03/2025 10:57:30 AM): start_tls.complete return_value=<httpcore._backends.anyio.AnyIOStream object at 0x103d27460> (Line: 87 [_trace.py])
DEBUG (28/03/2025 10:57:30 AM): send_request_headers.started request=<Request [b'POST']> (Line: 87 [_trace.py])
DEBUG (28/03/2025 10:57:30 AM): send_request_headers.complete (Line: 87 [_trace.py])
DEBUG (28/03/2025 10:57:30 AM): send_request_body.started request=<Request [b'POST']> (Line: 87 [_trace.py])
DEBUG (28/03/2025 10:57:30 AM): send_request_body.complete (Line: 87 [_trace.py])
DEBUG (28/03/2025 10:57:30 AM): receive_response_headers.started request=<Request [b'POST']> (Line: 87 [_trace.py])
DEBUG (28/03/2025 10:57:40 AM): receive_response_headers.complete return_value=(b'HTTP/1.1', 200, b'OK', [(b'Server', b'nginx/1.18.0'), (b'Date', b'Fri, 28 Mar 2025 05:27:40 GMT'), (b'Content-Type', b'application/json'), (b'Content-Length', b'23'), (b'Connection', b'keep-alive'), (b'Strict-Transport-Security', b'max-age=31536000; includeSubDomains; preload'), (b'Access-Control-Allow-Origin', b'*'), (b'Access-Control-Allow-Methods', b'GET, POST, OPTIONS'), (b'Access-Control-Expose-Headers', b'Content-Length,Content-Type,Date,Server,Connection')]) (Line: 87 [_trace.py])
INFO (28/03/2025 10:57:40 AM): HTTP Request: POST https://api.telegram.org/bot7648755083:AAFRY-EIxUMpUofcNjl9b-S_FP7y6izQJuc/getUpdates "HTTP/1.1 200 OK" (Line: 1740 [_client.py])
DEBUG (28/03/2025 10:57:40 AM): receive_response_body.started request=<Request [b'POST']> (Line: 87 [_trace.py])
DEBUG (28/03/2025 10:57:40 AM): receive_response_body.complete (Line: 87 [_trace.py])
DEBUG (28/03/2025 10:57:40 AM): response_closed.started (Line: 87 [_trace.py])
DEBUG (28/03/2025 10:57:40 AM): response_closed.complete (Line: 87 [_trace.py])
DEBUG (28/03/2025 10:57:40 AM): Call to Bot API endpoint `getUpdates` finished with return value `[]` (Line: 728 [_bot.py])
DEBUG (28/03/2025 10:57:40 AM): No new updates found. (Line: 4607 [_bot.py])
DEBUG (28/03/2025 10:57:45 AM): Calling Bot API endpoint `getUpdates` with parameters `{'timeout': 10, 'offset': 0}` (Line: 719 [_bot.py])
DEBUG (28/03/2025 10:57:45 AM): close.started (Line: 87 [_trace.py])
DEBUG (28/03/2025 10:57:45 AM): close.complete (Line: 87 [_trace.py])
DEBUG (28/03/2025 10:57:45 AM): connect_tcp.started host='api.telegram.org' port=443 local_address=None timeout=5.0 socket_options=None (Line: 87 [_trace.py])
DEBUG (28/03/2025 10:57:45 AM): connect_tcp.complete return_value=<httpcore._backends.anyio.AnyIOStream object at 0x103dd5050> (Line: 87 [_trace.py])
DEBUG (28/03/2025 10:57:45 AM): start_tls.started ssl_context=<ssl.SSLContext object at 0x103d80dd0> server_hostname='api.telegram.org' timeout=5.0 (Line: 87 [_trace.py])
DEBUG (28/03/2025 10:57:45 AM): start_tls.complete return_value=<httpcore._backends.anyio.AnyIOStream object at 0x103dd5250> (Line: 87 [_trace.py])
DEBUG (28/03/2025 10:57:45 AM): send_request_headers.started request=<Request [b'POST']> (Line: 87 [_trace.py])
DEBUG (28/03/2025 10:57:45 AM): send_request_headers.complete (Line: 87 [_trace.py])
DEBUG (28/03/2025 10:57:45 AM): send_request_body.started request=<Request [b'POST']> (Line: 87 [_trace.py])
DEBUG (28/03/2025 10:57:45 AM): send_request_body.complete (Line: 87 [_trace.py])
DEBUG (28/03/2025 10:57:45 AM): receive_response_headers.started request=<Request [b'POST']> (Line: 87 [_trace.py])
DEBUG (28/03/2025 10:57:56 AM): receive_response_headers.complete return_value=(b'HTTP/1.1', 200, b'OK', [(b'Server', b'nginx/1.18.0'), (b'Date', b'Fri, 28 Mar 2025 05:27:55 GMT'), (b'Content-Type', b'application/json'), (b'Content-Length', b'23'), (b'Connection', b'keep-alive'), (b'Strict-Transport-Security', b'max-age=31536000; includeSubDomains; preload'), (b'Access-Control-Allow-Origin', b'*'), (b'Access-Control-Allow-Methods', b'GET, POST, OPTIONS'), (b'Access-Control-Expose-Headers', b'Content-Length,Content-Type,Date,Server,Connection')]) (Line: 87 [_trace.py])
INFO (28/03/2025 10:57:56 AM): HTTP Request: POST https://api.telegram.org/bot7648755083:AAFRY-EIxUMpUofcNjl9b-S_FP7y6izQJuc/getUpdates "HTTP/1.1 200 OK" (Line: 1740 [_client.py])
DEBUG (28/03/2025 10:57:56 AM): receive_response_body.started request=<Request [b'POST']> (Line: 87 [_trace.py])
DEBUG (28/03/2025 10:57:56 AM): receive_response_body.complete (Line: 87 [_trace.py])
DEBUG (28/03/2025 10:57:56 AM): response_closed.started (Line: 87 [_trace.py])
DEBUG (28/03/2025 10:57:56 AM): response_closed.complete (Line: 87 [_trace.py])
DEBUG (28/03/2025 10:57:56 AM): Call to Bot API endpoint `getUpdates` finished with return value `[]` (Line: 728 [_bot.py])
DEBUG (28/03/2025 10:57:56 AM): No new updates found. (Line: 4607 [_bot.py])
DEBUG (28/03/2025 10:58:01 AM): Calling Bot API endpoint `getUpdates` with parameters `{'timeout': 10, 'offset': 0}` (Line: 719 [_bot.py])
DEBUG (28/03/2025 10:58:01 AM): close.started (Line: 87 [_trace.py])
DEBUG (28/03/2025 10:58:01 AM): close.complete (Line: 87 [_trace.py])
DEBUG (28/03/2025 10:58:01 AM): connect_tcp.started host='api.telegram.org' port=443 local_address=None timeout=5.0 socket_options=None (Line: 87 [_trace.py])
DEBUG (28/03/2025 10:58:01 AM): connect_tcp.complete return_value=<httpcore._backends.anyio.AnyIOStream object at 0x108118140> (Line: 87 [_trace.py])
DEBUG (28/03/2025 10:58:01 AM): start_tls.started ssl_context=<ssl.SSLContext object at 0x103d80dd0> server_hostname='api.telegram.org' timeout=5.0 (Line: 87 [_trace.py])
DEBUG (28/03/2025 10:58:01 AM): start_tls.complete return_value=<httpcore._backends.anyio.AnyIOStream object at 0x1081188c0> (Line: 87 [_trace.py])
DEBUG (28/03/2025 10:58:01 AM): send_request_headers.started request=<Request [b'POST']> (Line: 87 [_trace.py])
DEBUG (28/03/2025 10:58:01 AM): send_request_headers.complete (Line: 87 [_trace.py])
DEBUG (28/03/2025 10:58:01 AM): send_request_body.started request=<Request [b'POST']> (Line: 87 [_trace.py])
DEBUG (28/03/2025 10:58:01 AM): send_request_body.complete (Line: 87 [_trace.py])
DEBUG (28/03/2025 10:58:01 AM): receive_response_headers.started request=<Request [b'POST']> (Line: 87 [_trace.py])
DEBUG (28/03/2025 10:58:11 AM): receive_response_headers.complete return_value=(b'HTTP/1.1', 200, b'OK', [(b'Server', b'nginx/1.18.0'), (b'Date', b'Fri, 28 Mar 2025 05:28:11 GMT'), (b'Content-Type', b'application/json'), (b'Content-Length', b'23'), (b'Connection', b'keep-alive'), (b'Strict-Transport-Security', b'max-age=31536000; includeSubDomains; preload'), (b'Access-Control-Allow-Origin', b'*'), (b'Access-Control-Allow-Methods', b'GET, POST, OPTIONS'), (b'Access-Control-Expose-Headers', b'Content-Length,Content-Type,Date,Server,Connection')]) (Line: 87 [_trace.py])
INFO (28/03/2025 10:58:11 AM): HTTP Request: POST https://api.telegram.org/bot7648755083:AAFRY-EIxUMpUofcNjl9b-S_FP7y6izQJuc/getUpdates "HTTP/1.1 200 OK" (Line: 1740 [_client.py])
DEBUG (28/03/2025 10:58:11 AM): receive_response_body.started request=<Request [b'POST']> (Line: 87 [_trace.py])
DEBUG (28/03/2025 10:58:11 AM): receive_response_body.complete (Line: 87 [_trace.py])
DEBUG (28/03/2025 10:58:11 AM): response_closed.started (Line: 87 [_trace.py])
DEBUG (28/03/2025 10:58:11 AM): response_closed.complete (Line: 87 [_trace.py])
DEBUG (28/03/2025 10:58:11 AM): Call to Bot API endpoint `getUpdates` finished with return value `[]` (Line: 728 [_bot.py])
DEBUG (28/03/2025 10:58:11 AM): No new updates found. (Line: 4607 [_bot.py])
